2018-09-10T11:35:27.555Z - normal: Load ~/.CocosCreator/settings.json
2018-09-10T11:35:27.559Z - normal: checking language setting...
2018-09-10T11:35:27.560Z - normal: Language: zh
2018-09-10T11:35:28.983Z - success: protocol editor-framework registered
2018-09-10T11:35:28.983Z - success: protocol app registered
2018-09-10T11:35:28.983Z - success: protocol theme registered
2018-09-10T11:35:28.983Z - success: protocol packages registered
2018-09-10T11:35:28.983Z - success: protocol unpack registerred
2018-09-10T11:35:28.983Z - success: protocol disable-commonjs registerred
2018-09-10T11:35:29.163Z - normal: connected!
2018-09-10T11:35:29.172Z - normal: Check project D:\CocosProject\AdventuresPandaJungle
2018-09-10T11:35:29.182Z - normal: Initializing project D:\CocosProject\AdventuresPandaJungle
2018-09-10T11:35:29.192Z - normal: Initializing Cocos2d
2018-09-10T11:35:29.758Z - normal: Initializing Asset Database
2018-09-10T11:35:29.787Z - success: protocol uuid registerred
2018-09-10T11:35:29.787Z - success: protocol db registerred
2018-09-10T11:35:29.787Z - success: protocol thumbnail registerred
2018-09-10T11:35:29.787Z - normal: Loading editor/builtin packages
2018-09-10T11:35:29.899Z - success: assets loaded
2018-09-10T11:35:29.901Z - success: builder loaded
2018-09-10T11:35:29.902Z - success: cocos-analytics loaded
2018-09-10T11:35:29.904Z - success: console loaded
2018-09-10T11:35:29.931Z - success: fb-instant-games loaded
2018-09-10T11:35:29.933Z - success: hierarchy loaded
2018-09-10T11:35:29.935Z - success: inspector loaded
2018-09-10T11:35:29.936Z - success: keystore loaded
2018-09-10T11:35:29.938Z - success: node-library loaded
2018-09-10T11:35:29.940Z - success: package-asset loaded
2018-09-10T11:35:29.941Z - success: preferences loaded
2018-09-10T11:35:29.942Z - success: project-exporter loaded
2018-09-10T11:35:29.953Z - success: project-importer loaded
2018-09-10T11:35:29.954Z - success: project-settings loaded
2018-09-10T11:35:29.956Z - success: ui-kit loaded
2018-09-10T11:35:29.959Z - success: scene loaded
2018-09-10T11:35:29.960Z - success: sprite-editor loaded
2018-09-10T11:35:29.962Z - success: store loaded
2018-09-10T11:35:29.964Z - success: timeline loaded
2018-09-10T11:35:29.964Z - normal: Loading builtin packages
2018-09-10T11:35:29.966Z - success: asset-db-debugger loaded
2018-09-10T11:35:29.968Z - success: code-editor loaded
2018-09-10T11:35:29.968Z - success: color-picker loaded
2018-09-10T11:35:29.969Z - success: jsb-adapter loaded
2018-09-10T11:35:29.970Z - success: package-manager loaded
2018-09-10T11:35:30.035Z - success: qqplay-adapter loaded
2018-09-10T11:35:30.038Z - success: sdkbox loaded
2018-09-10T11:35:30.040Z - success: tester loaded
2018-09-10T11:35:30.042Z - success: ui-grid loaded
2018-09-10T11:35:30.043Z - success: ui-kit-preview-extra loaded
2018-09-10T11:35:30.045Z - success: ui-kit-preview loaded
2018-09-10T11:35:30.046Z - success: ui-tree loaded
2018-09-10T11:35:30.046Z - success: weapp-adapter loaded
2018-09-10T11:35:30.824Z - normal: Loading packages
2018-09-10T11:35:30.827Z - normal: Watching packages
2018-09-10T11:35:31.007Z - normal: Run Application
2018-09-10T11:35:31.353Z - success: preview server running at http://localhost:7456
2018-09-10T11:35:55.111Z - normal: Start building with options : {
  "actualPlatform": "web-mobile",
  "apiLevel": "",
  "appABIs": [],
  "appKey": "",
  "appSecret": "",
  "buildPath": "D:\\CocosProject\\AdventuresPandaJungle\\build",
  "debug": false,
  "dest": "D:\\CocosProject\\AdventuresPandaJungle\\build\\web-mobile",
  "embedWebDebugger": false,
  "encryptJs": true,
  "excludeScenes": [],
  "excludedModules": [],
  "fb-instant-games": {},
  "includeAnySDK": false,
  "includeSDKBox": false,
  "inlineSpriteFrames": true,
  "inlineSpriteFrames_native": true,
  "jailbreakPlatform": false,
  "md5Cache": false,
  "mergeStartScene": false,
  "oauthLoginServer": "",
  "optimizeHotUpdate": false,
  "orientation": {
    "landscapeLeft": true,
    "landscapeRight": true,
    "portrait": false,
    "upsideDown": false
  },
  "packageName": "org.cocos2d.AdventuresPandaJungle",
  "platform": "web-mobile",
  "previewHeight": "720",
  "previewWidth": "1280",
  "privateKey": "",
  "qqplay": {
    "REMOTE_SERVER_ROOT": "",
    "orientation": "portrait"
  },
  "scenes": [
    "1fdae827-6f40-4748-b4ac-af0965ede921",
    "39a1a694-87ef-4d4c-a796-ef7c20fe495d"
  ],
  "sourceMaps": false,
  "startScene": "1fdae827-6f40-4748-b4ac-af0965ede921",
  "template": "link",
  "title": "AdventuresPandaJungle",
  "useDebugKeystore": true,
  "vsVersion": "auto",
  "webOrientation": "auto",
  "wechatgame": {
    "REMOTE_SERVER_ROOT": "",
    "appid": "wx6ac3f5090a6b99c5",
    "isSubdomain": false,
    "orientation": "portrait",
    "subContext": ""
  },
  "xxteaKey": "7e26114a-cac7-49",
  "zipCompressJs": true,
  "project": "D:\\CocosProject\\AdventuresPandaJungle",
  "projectName": "AdventuresPandaJungle",
  "debugBuildWorker": false
}
2018-09-10T11:35:55.113Z - normal: Building D:\CocosProject\AdventuresPandaJungle
2018-09-10T11:35:55.113Z - normal: Destination D:\CocosProject\AdventuresPandaJungle\build\web-mobile
2018-09-10T11:35:55.307Z - normal: Delete D:\CocosProject\AdventuresPandaJungle\build\web-mobile\**\*
2018-09-10T11:35:57.428Z - normal: Start building assets
2018-09-10T11:35:57.429Z - normal: Start spawn build-worker
2018-09-10T11:35:58.015Z - normal: Finish spawn build-worker
2018-09-10T11:35:58.015Z - normal: Start init build-worker
2018-09-10T11:36:00.438Z - normal: Finish init build-worker
2018-09-10T11:36:00.438Z - normal: Start build-assets in worker
2018-09-10T11:36:00.611Z - normal: Finish build-assets in worker
2018-09-10T11:36:00.616Z - normal: Finish building assets
2018-09-10T11:36:00.619Z - normal: Start building plugin scripts
2018-09-10T11:36:00.626Z - normal: Generating main.js from D:\CocosCreator\resources\static\build-templates\shares\main.js
2018-09-10T11:36:00.636Z - normal: Generating html from D:\CocosCreator\resources\static\build-templates\web-mobile\template\index.html
2018-09-10T11:36:00.670Z - normal: Built to "D:\CocosProject\AdventuresPandaJungle\build\web-mobile" successfully
2018-09-10T11:36:04.292Z - info: shutdown preview server
